==================================
Server Health Report - Fri Jun 12 14:45:13 IST 2026
==================================

Disk Usage:
Filesystem                                                       Size  Used Avail Use% Mounted on
C:/Users/STA-MADH-45.LAPTOP-QAP9633V/AppData/Local/Programs/Git  475G  149G  327G  32% /

RAM Usage:

CPU Load:

System Uptime:

Running Services:

==================================
Server Health Report - Fri Jun 12 15:23:00 IST 2026
==================================

Disk Usage:
Filesystem                                                       Size  Used Avail Use% Mounted on
C:/Users/STA-MADH-45.LAPTOP-QAP9633V/AppData/Local/Programs/Git  475G  151G  325G  32% /

RAM Usage:

CPU Load:

System Uptime:

Running Services:

